<?xml version="1.0" encoding="UTF-8"?>
<testsuites>
  <testsuite name="Testing_signup_Page" timestamp="2018-06-25T18:56:00" time="5.115" tests="0" failures="0" errors="0" skipped="0">
    <properties>
      <property name="specId" value="61e29a748dc4138e63fe2deedd39d3bc"/>
      <property name="suiteName" value=" -- Testing signup Page -- "/>
      <property name="capabilities" value="chrome"/>
      <property name="file" value="./test/specs/_main_.js"/>
    </properties>
  </testsuite>
  <testsuite name="Testing_Login_Page" timestamp="2018-06-25T18:56:00" time="5.105" tests="1" failures="0" errors="0" skipped="0">
    <properties>
      <property name="specId" value="61e29a748dc4138e63fe2deedd39d3bc"/>
      <property name="suiteName" value=" -- Testing Login Page -- "/>
      <property name="capabilities" value="chrome"/>
      <property name="file" value="./test/specs/_main_.js"/>
    </properties>
    <testcase classname="chrome.Testing_Login_Page" name="should_be_logged_in_by_user" time="0.046"/>
  </testsuite>
</testsuites>